<?xml version="1.0" encoding="UTF-8"?>
<!-- Generated by org.testng.reporters.JUnitXMLReporter -->
<testsuite ignored="3" hostname="ahm-l-amitg" failures="0" tests="0" time="0.016" errors="0" timestamp="2023-03-18T20:53:07 IST">
  <testcase classname="com.test.method.IgnoreTestCases" name="Test1" time="0.0">
    <ignored/>
  </testcase> <!-- Test1 -->
  <testcase classname="com.test.method.IgnoreTestCases" name="Test3" time="0.0">
    <ignored/>
  </testcase> <!-- Test3 -->
  <testcase classname="com.test.method.IgnoreTestCases" name="Test2" time="0.0">
    <ignored/>
  </testcase> <!-- Test2 -->
</testsuite>
